Case #1:
17
2 4 5

Case #2:
16
1 2 4

Case #3:
34
2 3 5 6

Case #4:
0

Case #5:
5
1 2

Case #6:
8
2 3

Case #7:
0

Case #8:
2740
4 9 19 22

Case #9:
5215
4 9 19 39 44 48 51

Case #10:
5009
4 9 19 22 39 44 48

Case #11:
2878
3 4 9 19

Case #12:
3007
4 20 22 48 82

Case #13:
2766
3 4 7 9

Case #14:
2809
3 4 9 22

Case #15:
4326
4 9 19 22 39 48

Case #16:
2333
4 19 20 22 34

Case #17:
5215
4 9 19 39 44 48 51

Case #18:
5009
4 9 19 22 39 44 48

Case #19:
2878
3 4 9 19

Case #20:
3007
4 20 22 48 82

Case #21:
2766
3 4 7 9

Case #22:
2809
3 4 9 22

Case #23:
4326
4 9 19 22 39 48

Case #24:
2333
4 19 20 22 34

Case #25:
5215
4 9 19 39 44 48 51

Case #26:
5009
4 9 19 22 39 44 48

Case #27:
2878
3 4 9 19

Case #28:
3007
4 20 22 48 82

Case #29:
2766
3 4 7 9

Case #30:
2809
3 4 9 22

Case #31:
4326
4 9 19 22 39 48

Case #32:
2333
4 19 20 22 34

Case #33:
5215
4 9 19 39 44 48 51

Case #34:
5009
4 9 19 22 39 44 48

Case #35:
2878
3 4 9 19

Case #36:
3007
4 20 22 48 82

Case #37:
2766
3 4 7 9

Case #38:
2809
3 4 9 22

Case #39:
4326
4 9 19 22 39 48

Case #40:
2333
4 19 20 22 34

Case #41:
5215
4 9 19 39 44 48 51

Case #42:
5009
4 9 19 22 39 44 48

Case #43:
2878
3 4 9 19

Case #44:
3007
4 20 22 48 82

Case #45:
2766
3 4 7 9

Case #46:
2809
3 4 9 22

Case #47:
4326
4 9 19 22 39 48

Case #48:
2333
4 19 20 22 34

Case #49:
5215
4 9 19 39 44 48 51

Case #50:
5009
4 9 19 22 39 44 48

Case #51:
2878
3 4 9 19

Case #52:
3007
4 20 22 48 82

Case #53:
2766
3 4 7 9

Case #54:
2809
3 4 9 22

Case #55:
4326
4 9 19 22 39 48

Case #56:
2333
4 19 20 22 34

Case #57:
5215
4 9 19 39 44 48 51

