2487
2652
2454
3718
1262
3709
3821
4538
2613
2167
3549
1899
1924
1627
2023
3554
3436
2392
2697
4863
3473
2681
2326
3897
2395
4350
3621
3535
2336
2069
4182
3651
2435
1762
3570
4154
3501
2990
2527
3606
3778
1945
3306
3289
2909
1254
4144
4243
2898
2309
3692
2618
2925
3659
3582
4474
1771
3444
2854
2815
2024
3820
1495
3473
3389
2891
3292
2992
2435
1212
1930
2458
1917
3319
3961
2641
2322
2807
3194
2951
3619
4115
3216
3991
4462
3579
478
2293
2350
3221
2992
3436
3325
3580
3709
3847
3118
2315
1927
4130
2970
1577
2727
4208
2823
3452
3207
3998
3632
3462
3413
3153
4639
3605
2305
2773
3768
4233
2304
3039
4800
3534
2698
3802
3853
3780
3518
2389
3508
2337
3525
3157
2201
4181
2502
4534
2660
2488
3905
2546
2417
1606
2929
4303
4752
3567
2276
3109
2549
2434
3055
3237
2071
2253
1893
3866
2433
4081
4156
2432
2958
4883
3144
2632
2416
4101
2527
4237
3299
2851
2552
1915
3668
3127
3255
2860
3315
2903
3050
3632
2562
1483
3979
2841
4720
3570
3639
4335
2599
2858
2527
2790
3581
1268
4469
3436
3162
3589
1775
3472
1609
3977
3119
1959
2706
2947
3553
2501
3227
3136
3914
2609
3777
2411
2892
4565
3026
3326
3329
5248
3355
2772
2830
2524
3326
2002
3870
3487
2064
2984
3486
3274
2125
3858
4110
3887
3947
4054
3806
3314
3971
2211
1816
4386
3864
1466
4463
2796
3779
3464
2270
2504
4553
2416
2328
3841
4343
3729
2892
4306
3346
2926
1905
3945
3726
2998
3661
1068
2901
1589
3380
2487
4224
2658
2983
3208
2763
4453
2169
2913
4465
2341
4363
3966
3683
4274
3475
3534
2818
4285
3353
1891
2655
2848
3296
3134
3644
3132
3221
2373
3979
8741
8124
8831
8578
7675
8556
8721
7858
9038
9004
8708
41
124
114
