167705
-1
-1
-1
291688
731565
223120
-1
-1
-1
-1
262002
506521
-1
-1
-1
-1
-1
109380
-1
-1
-1
-1
-1
-1
-1
-1
-1
-1
160140
-1
-1
-1
-1
-1
684125
-1
-1
539770
-1
-1
-1
396886
-1
-1
1512415
-1
-1
-1
-1
486643
-1
-1
126178
-1
-1
-1
-1
815458
-1
-1
-1
-1
-1
274958
-1
-1
-1
-1
-1
-1
-1
-1
-1
-1
-1
-1
-1
-1
-1
-1
-1
-1
-1
-1
-1
-1
-1
-1
-1
-1
649960
142578
-1
315221
830020
-1
-1
-1
1036787
-1
-1
-1
-1
-1
-1
-1
-1
-1
-1
-1
-1
-1
-1
-1
-1
-1
-1
18639360
25779964
40059302
-1
-1
34916414
-1
-1
26541186
-1
-1
-1
-1
-1
-1
-1
-1
-1
-1
-1
-1
-1
31944428
-1
-1
-1
-1
-1
-1
4477061
-1
-1
-1
-1
-1
-1
-1
-1
21628257
-1
5768234
-1
-1
-1
-1
-1
-1
-1
-1
-1
-1
-1
10335844
22180425
2314858
-1
7166352
-1
34961514
-1
31445160
-1
2469390
-1
-1
-1
-1
-1
-1
18041245
-1
-1
-1
-1
-1
-1
-1
29067189
-1
-1
-1
-1
-1
-1
1238224006991
1238998587264
1233294524998
